# JRE version: Java(TM) SE Runtime Environment (8.0_151-b12) (build 1.8.0_151-b12)
# Java VM: Java HotSpot(TM) 64-Bit Server VM (25.151-b12 mixed mode linux-amd64 compressed oops)
Heap:
 PSYoungGen      total 264192K, used 224K [0x000000076d580000, 0x000000077df80000, 0x00000007c0000000)
  eden space 256000K, 0% used [0x000000076d580000,0x000000076d580000,0x000000077cf80000)
  from space 8192K, 2% used [0x000000077cf80000,0x000000077cfb8000,0x000000077d780000)
  to   space 7680K, 0% used [0x000000077d800000,0x000000077d800000,0x000000077df80000)
 ParOldGen       total 169472K, used 5839K [0x00000006c8000000, 0x00000006d2580000, 0x000000076d580000)
  object space 169472K, 3% used [0x00000006c8000000,0x00000006c85b3f50,0x00000006d2580000)
 Metaspace       used 12405K, capacity 12668K, committed 12800K, reserved 1060864K
  class space    used 1450K, capacity 1517K, committed 1536K, reserved 1048576K
GC Heap History (10 events):
Event: 1.350 GC heap after
Heap after GC invocations=2 (full 0):
 PSYoungGen      total 74240K, used 6658K [0x000000076d580000, 0x0000000776680000, 0x00000007c0000000)
  eden space 64000K, 0% used [0x000000076d580000,0x000000076d580000,0x0000000771400000)
  from space 10240K, 65% used [0x0000000771e00000,0x00000007724809c0,0x0000000772800000)
  to   space 10240K, 0% used [0x0000000771400000,0x0000000771400000,0x0000000771e00000)
 ParOldGen       total 169472K, used 24K [0x00000006c8000000, 0x00000006d2580000, 0x000000076d580000)
  object space 169472K, 0% used [0x00000006c8000000,0x00000006c8006000,0x00000006d2580000)
 Metaspace       used 12401K, capacity 12604K, committed 12800K, reserved 1060864K
  class space    used 1449K, capacity 1517K, committed 1536K, reserved 1048576K
}
Event: 1.469 GC heap before
{Heap before GC invocations=3 (full 0):
 PSYoungGen      total 74240K, used 70658K [0x000000076d580000, 0x0000000776680000, 0x00000007c0000000)
  eden space 64000K, 100% used [0x000000076d580000,0x0000000771400000,0x0000000771400000)
  from space 10240K, 65% used [0x0000000771e00000,0x00000007724809c0,0x0000000772800000)
  to   space 10240K, 0% used [0x0000000771400000,0x0000000771400000,0x0000000771e00000)
 ParOldGen       total 169472K, used 24K [0x00000006c8000000, 0x00000006d2580000, 0x000000076d580000)
  object space 169472K, 0% used [0x00000006c8000000,0x00000006c8006000,0x00000006d2580000)
 Metaspace       used 12401K, capacity 12604K, committed 12800K, reserved 1060864K
  class space    used 1449K, capacity 1517K, committed 1536K, reserved 1048576K
Event: 1.475 GC heap after
Heap after GC invocations=3 (full 0):
 PSYoungGen      total 74240K, used 5858K [0x000000076d580000, 0x0000000776680000, 0x00000007c0000000)
  eden space 64000K, 0% used [0x000000076d580000,0x000000076d580000,0x0000000771400000)
  from space 10240K, 57% used [0x0000000771400000,0x00000007719b8980,0x0000000771e00000)
  to   space 10240K, 0% used [0x0000000775c80000,0x0000000775c80000,0x0000000776680000)
 ParOldGen       total 169472K, used 32K [0x00000006c8000000, 0x00000006d2580000, 0x000000076d580000)
  object space 169472K, 0% used [0x00000006c8000000,0x00000006c8008000,0x00000006d2580000)
 Metaspace       used 12401K, capacity 12604K, committed 12800K, reserved 1060864K
  class space    used 1449K, capacity 1517K, committed 1536K, reserved 1048576K
}
Event: 1.549 GC heap before
{Heap before GC invocations=4 (full 0):
 PSYoungGen      total 74240K, used 69858K [0x000000076d580000, 0x0000000776680000, 0x00000007c0000000)
  eden space 64000K, 100% used [0x000000076d580000,0x0000000771400000,0x0000000771400000)
  from space 10240K, 57% used [0x0000000771400000,0x00000007719b8980,0x0000000771e00000)
  to   space 10240K, 0% used [0x0000000775c80000,0x0000000775c80000,0x0000000776680000)
 ParOldGen       total 169472K, used 32K [0x00000006c8000000, 0x00000006d2580000, 0x000000076d580000)
  object space 169472K, 0% used [0x00000006c8000000,0x00000006c8008000,0x00000006d2580000)
 Metaspace       used 12402K, capacity 12604K, committed 12800K, reserved 1060864K
  class space    used 1449K, capacity 1517K, committed 1536K, reserved 1048576K
Event: 1.553 GC heap after
Heap after GC invocations=4 (full 0):
 PSYoungGen      total 138240K, used 5826K [0x000000076d580000, 0x0000000776680000, 0x00000007c0000000)
  eden space 128000K, 0% used [0x000000076d580000,0x000000076d580000,0x0000000775280000)
  from space 10240K, 56% used [0x0000000775c80000,0x0000000776230960,0x0000000776680000)
  to   space 10240K, 0% used [0x0000000775280000,0x0000000775280000,0x0000000775c80000)
 ParOldGen       total 169472K, used 40K [0x00000006c8000000, 0x00000006d2580000, 0x000000076d580000)
  object space 169472K, 0% used [0x00000006c8000000,0x00000006c800a000,0x00000006d2580000)
 Metaspace       used 12402K, capacity 12604K, committed 12800K, reserved 1060864K
  class space    used 1449K, capacity 1517K, committed 1536K, reserved 1048576K
}
Event: 1.655 GC heap before
{Heap before GC invocations=5 (full 0):
 PSYoungGen      total 138240K, used 133826K [0x000000076d580000, 0x0000000776680000, 0x00000007c0000000)
  eden space 128000K, 100% used [0x000000076d580000,0x0000000775280000,0x0000000775280000)
  from space 10240K, 56% used [0x0000000775c80000,0x0000000776230960,0x0000000776680000)
  to   space 10240K, 0% used [0x0000000775280000,0x0000000775280000,0x0000000775c80000)
 ParOldGen       total 169472K, used 40K [0x00000006c8000000, 0x00000006d2580000, 0x000000076d580000)
  object space 169472K, 0% used [0x00000006c8000000,0x00000006c800a000,0x00000006d2580000)
 Metaspace       used 12402K, capacity 12604K, committed 12800K, reserved 1060864K
  class space    used 1449K, capacity 1517K, committed 1536K, reserved 1048576K
Event: 1.659 GC heap after
Heap after GC invocations=5 (full 0):
 PSYoungGen      total 138240K, used 5866K [0x000000076d580000, 0x000000077e080000, 0x00000007c0000000)
  eden space 128000K, 0% used [0x000000076d580000,0x000000076d580000,0x0000000775280000)
  from space 10240K, 57% used [0x0000000775280000,0x000000077583a950,0x0000000775c80000)
  to   space 8704K, 0% used [0x000000077d800000,0x000000077d800000,0x000000077e080000)
 ParOldGen       total 169472K, used 48K [0x00000006c8000000, 0x00000006d2580000, 0x000000076d580000)
  object space 169472K, 0% used [0x00000006c8000000,0x00000006c800c000,0x00000006d2580000)
 Metaspace       used 12402K, capacity 12604K, committed 12800K, reserved 1060864K
  class space    used 1449K, capacity 1517K, committed 1536K, reserved 1048576K
}
Event: 1.745 GC heap before
{Heap before GC invocations=6 (full 0):
 PSYoungGen      total 138240K, used 133866K [0x000000076d580000, 0x000000077e080000, 0x00000007c0000000)
  eden space 128000K, 100% used [0x000000076d580000,0x0000000775280000,0x0000000775280000)
  from space 10240K, 57% used [0x0000000775280000,0x000000077583a950,0x0000000775c80000)
  to   space 8704K, 0% used [0x000000077d800000,0x000000077d800000,0x000000077e080000)
 ParOldGen       total 169472K, used 48K [0x00000006c8000000, 0x00000006d2580000, 0x000000076d580000)
  object space 169472K, 0% used [0x00000006c8000000,0x00000006c800c000,0x00000006d2580000)
 Metaspace       used 12405K, capacity 12668K, committed 12800K, reserved 1060864K
  class space    used 1450K, capacity 1517K, committed 1536K, reserved 1048576K
Event: 1.749 GC heap after
Heap after GC invocations=6 (full 0):
 PSYoungGen      total 263680K, used 5858K [0x000000076d580000, 0x000000077df80000, 0x00000007c0000000)
  eden space 256000K, 0% used [0x000000076d580000,0x000000076d580000,0x000000077cf80000)
  from space 7680K, 76% used [0x000000077d800000,0x000000077ddb8960,0x000000077df80000)
  to   space 8192K, 0% used [0x000000077cf80000,0x000000077cf80000,0x000000077d780000)
 ParOldGen       total 169472K, used 56K [0x00000006c8000000, 0x00000006d2580000, 0x000000076d580000)
  object space 169472K, 0% used [0x00000006c8000000,0x00000006c800e000,0x00000006d2580000)
 Metaspace       used 12405K, capacity 12668K, committed 12800K, reserved 1060864K
  class space    used 1450K, capacity 1517K, committed 1536K, reserved 1048576K
}
Event: 1.946 GC heap before
{Heap before GC invocations=7 (full 0):
 PSYoungGen      total 263680K, used 261858K [0x000000076d580000, 0x000000077df80000, 0x00000007c0000000)
  eden space 256000K, 100% used [0x000000076d580000,0x000000077cf80000,0x000000077cf80000)
  from space 7680K, 76% used [0x000000077d800000,0x000000077ddb8960,0x000000077df80000)
  to   space 8192K, 0% used [0x000000077cf80000,0x000000077cf80000,0x000000077d780000)
 ParOldGen       total 169472K, used 56K [0x00000006c8000000, 0x00000006d2580000, 0x000000076d580000)
  object space 169472K, 0% used [0x00000006c8000000,0x00000006c800e000,0x00000006d2580000)
 Metaspace       used 12405K, capacity 12668K, committed 12800K, reserved 1060864K
  class space    used 1450K, capacity 1517K, committed 1536K, reserved 1048576K

