# JRE version: Java(TM) SE Runtime Environment (8.0_151-b12) (build 1.8.0_151-b12)
# Java VM: Java HotSpot(TM) 64-Bit Server VM (25.151-b12 mixed mode linux-amd64 compressed oops)
Heap:
 PSYoungGen      total 114176K, used 69674K [0x000000076d580000, 0x0000000776580000, 0x00000007c0000000)
  eden space 104960K, 57% used [0x000000076d580000,0x00000007710b3c00,0x0000000773c00000)
  from space 9216K, 98% used [0x0000000775c80000,0x0000000776556e00,0x0000000776580000)
  to   space 10240K, 0% used [0x0000000775180000,0x0000000775180000,0x0000000775b80000)
 ParOldGen       total 92160K, used 6311K [0x00000006c8000000, 0x00000006cda00000, 0x000000076d580000)
  object space 92160K, 6% used [0x00000006c8000000,0x00000006c8629d18,0x00000006cda00000)
 Metaspace       used 29417K, capacity 30306K, committed 30512K, reserved 1075200K
  class space    used 3820K, capacity 4032K, committed 4144K, reserved 1048576K
GC Heap History (10 events):
Event: 0.837 GC heap before
{Heap before GC invocations=1 (full 0):
 PSYoungGen      total 74240K, used 64000K [0x000000076d580000, 0x0000000772800000, 0x00000007c0000000)
  eden space 64000K, 100% used [0x000000076d580000,0x0000000771400000,0x0000000771400000)
  from space 10240K, 0% used [0x0000000771e00000,0x0000000771e00000,0x0000000772800000)
  to   space 10240K, 0% used [0x0000000771400000,0x0000000771400000,0x0000000771e00000)
 ParOldGen       total 169472K, used 0K [0x00000006c8000000, 0x00000006d2580000, 0x000000076d580000)
  object space 169472K, 0% used [0x00000006c8000000,0x00000006c8000000,0x00000006d2580000)
 Metaspace       used 12152K, capacity 12462K, committed 12672K, reserved 1060864K
  class space    used 1491K, capacity 1579K, committed 1664K, reserved 1048576K
Event: 0.843 GC heap after
Heap after GC invocations=1 (full 0):
 PSYoungGen      total 74240K, used 6898K [0x000000076d580000, 0x0000000772800000, 0x00000007c0000000)
  eden space 64000K, 0% used [0x000000076d580000,0x000000076d580000,0x0000000771400000)
  from space 10240K, 67% used [0x0000000771400000,0x0000000771abcb78,0x0000000771e00000)
  to   space 10240K, 0% used [0x0000000771e00000,0x0000000771e00000,0x0000000772800000)
 ParOldGen       total 169472K, used 16K [0x00000006c8000000, 0x00000006d2580000, 0x000000076d580000)
  object space 169472K, 0% used [0x00000006c8000000,0x00000006c8004000,0x00000006d2580000)
 Metaspace       used 12152K, capacity 12462K, committed 12672K, reserved 1060864K
  class space    used 1491K, capacity 1579K, committed 1664K, reserved 1048576K
}
Event: 1.262 GC heap before
{Heap before GC invocations=2 (full 0):
 PSYoungGen      total 74240K, used 70898K [0x000000076d580000, 0x0000000772800000, 0x00000007c0000000)
  eden space 64000K, 100% used [0x000000076d580000,0x0000000771400000,0x0000000771400000)
  from space 10240K, 67% used [0x0000000771400000,0x0000000771abcb78,0x0000000771e00000)
  to   space 10240K, 0% used [0x0000000771e00000,0x0000000771e00000,0x0000000772800000)
 ParOldGen       total 169472K, used 16K [0x00000006c8000000, 0x00000006d2580000, 0x000000076d580000)
  object space 169472K, 0% used [0x00000006c8000000,0x00000006c8004000,0x00000006d2580000)
 Metaspace       used 18510K, capacity 19080K, committed 19328K, reserved 1067008K
  class space    used 2430K, capacity 2575K, committed 2688K, reserved 1048576K
Event: 1.274 GC heap after
Heap after GC invocations=2 (full 0):
 PSYoungGen      total 74240K, used 9022K [0x000000076d580000, 0x0000000776680000, 0x00000007c0000000)
  eden space 64000K, 0% used [0x000000076d580000,0x000000076d580000,0x0000000771400000)
  from space 10240K, 88% used [0x0000000771e00000,0x00000007726cf968,0x0000000772800000)
  to   space 10240K, 0% used [0x0000000771400000,0x0000000771400000,0x0000000771e00000)
 ParOldGen       total 169472K, used 24K [0x00000006c8000000, 0x00000006d2580000, 0x000000076d580000)
  object space 169472K, 0% used [0x00000006c8000000,0x00000006c8006000,0x00000006d2580000)
 Metaspace       used 18510K, capacity 19080K, committed 19328K, reserved 1067008K
  class space    used 2430K, capacity 2575K, committed 2688K, reserved 1048576K
}
Event: 1.360 GC heap before
{Heap before GC invocations=3 (full 0):
 PSYoungGen      total 74240K, used 28930K [0x000000076d580000, 0x0000000776680000, 0x00000007c0000000)
  eden space 64000K, 31% used [0x000000076d580000,0x000000076e8f1258,0x0000000771400000)
  from space 10240K, 88% used [0x0000000771e00000,0x00000007726cf968,0x0000000772800000)
  to   space 10240K, 0% used [0x0000000771400000,0x0000000771400000,0x0000000771e00000)
 ParOldGen       total 169472K, used 24K [0x00000006c8000000, 0x00000006d2580000, 0x000000076d580000)
  object space 169472K, 0% used [0x00000006c8000000,0x00000006c8006000,0x00000006d2580000)
 Metaspace       used 20588K, capacity 21182K, committed 21296K, reserved 1067008K
  class space    used 2678K, capacity 2844K, committed 2864K, reserved 1048576K
Event: 1.367 GC heap after
Heap after GC invocations=3 (full 0):
 PSYoungGen      total 74240K, used 6421K [0x000000076d580000, 0x0000000776680000, 0x00000007c0000000)
  eden space 64000K, 0% used [0x000000076d580000,0x000000076d580000,0x0000000771400000)
  from space 10240K, 62% used [0x0000000771400000,0x0000000771a45790,0x0000000771e00000)
  to   space 10240K, 0% used [0x0000000775c80000,0x0000000775c80000,0x0000000776680000)
 ParOldGen       total 169472K, used 32K [0x00000006c8000000, 0x00000006d2580000, 0x000000076d580000)
  object space 169472K, 0% used [0x00000006c8000000,0x00000006c8008000,0x00000006d2580000)
 Metaspace       used 20588K, capacity 21182K, committed 21296K, reserved 1067008K
  class space    used 2678K, capacity 2844K, committed 2864K, reserved 1048576K
}
Event: 1.367 GC heap before
{Heap before GC invocations=4 (full 1):
 PSYoungGen      total 74240K, used 6421K [0x000000076d580000, 0x0000000776680000, 0x00000007c0000000)
  eden space 64000K, 0% used [0x000000076d580000,0x000000076d580000,0x0000000771400000)
  from space 10240K, 62% used [0x0000000771400000,0x0000000771a45790,0x0000000771e00000)
  to   space 10240K, 0% used [0x0000000775c80000,0x0000000775c80000,0x0000000776680000)
 ParOldGen       total 169472K, used 32K [0x00000006c8000000, 0x00000006d2580000, 0x000000076d580000)
  object space 169472K, 0% used [0x00000006c8000000,0x00000006c8008000,0x00000006d2580000)
 Metaspace       used 20588K, capacity 21182K, committed 21296K, reserved 1067008K
  class space    used 2678K, capacity 2844K, committed 2864K, reserved 1048576K
Event: 1.392 GC heap after
Heap after GC invocations=4 (full 1):
 PSYoungGen      total 74240K, used 0K [0x000000076d580000, 0x0000000776680000, 0x00000007c0000000)
  eden space 64000K, 0% used [0x000000076d580000,0x000000076d580000,0x0000000771400000)
  from space 10240K, 0% used [0x0000000771400000,0x0000000771400000,0x0000000771e00000)
  to   space 10240K, 0% used [0x0000000775c80000,0x0000000775c80000,0x0000000776680000)
 ParOldGen       total 92160K, used 6239K [0x00000006c8000000, 0x00000006cda00000, 0x000000076d580000)
  object space 92160K, 6% used [0x00000006c8000000,0x00000006c8617d08,0x00000006cda00000)
 Metaspace       used 20588K, capacity 21182K, committed 21296K, reserved 1067008K
  class space    used 2678K, capacity 2844K, committed 2864K, reserved 1048576K
}
Event: 1.853 GC heap before
{Heap before GC invocations=5 (full 1):
 PSYoungGen      total 74240K, used 64000K [0x000000076d580000, 0x0000000776680000, 0x00000007c0000000)
  eden space 64000K, 100% used [0x000000076d580000,0x0000000771400000,0x0000000771400000)
  from space 10240K, 0% used [0x0000000771400000,0x0000000771400000,0x0000000771e00000)
  to   space 10240K, 0% used [0x0000000775c80000,0x0000000775c80000,0x0000000776680000)
 ParOldGen       total 92160K, used 6239K [0x00000006c8000000, 0x00000006cda00000, 0x000000076d580000)
  object space 92160K, 6% used [0x00000006c8000000,0x00000006c8617d08,0x00000006cda00000)
 Metaspace       used 26222K, capacity 27074K, committed 27184K, reserved 1073152K
  class space    used 3423K, capacity 3628K, committed 3632K, reserved 1048576K
Event: 1.862 GC heap after
Heap after GC invocations=5 (full 1):
 PSYoungGen      total 114176K, used 9051K [0x000000076d580000, 0x0000000776580000, 0x00000007c0000000)
  eden space 104960K, 0% used [0x000000076d580000,0x000000076d580000,0x0000000773c00000)
  from space 9216K, 98% used [0x0000000775c80000,0x0000000776556e00,0x0000000776580000)
  to   space 10240K, 0% used [0x0000000775180000,0x0000000775180000,0x0000000775b80000)
 ParOldGen       total 92160K, used 6311K [0x00000006c8000000, 0x00000006cda00000, 0x000000076d580000)
  object space 92160K, 6% used [0x00000006c8000000,0x00000006c8629d18,0x00000006cda00000)
 Metaspace       used 26222K, capacity 27074K, committed 27184K, reserved 1073152K
  class space    used 3423K, capacity 3628K, committed 3632K, reserved 1048576K
}

