# JRE version: Java(TM) SE Runtime Environment (8.0_151-b12) (build 1.8.0_151-b12)
# Java VM: Java HotSpot(TM) 64-Bit Server VM (25.151-b12 mixed mode linux-amd64 compressed oops)
Heap:
 PSYoungGen      total 138240K, used 120586K [0x000000076d580000, 0x0000000776680000, 0x00000007c0000000)
  eden space 128000K, 94% used [0x000000076d580000,0x0000000774b429a8,0x0000000775280000)
  from space 10240K, 0% used [0x0000000775c80000,0x0000000775c80000,0x0000000776680000)
  to   space 10240K, 0% used [0x0000000775280000,0x0000000775280000,0x0000000775c80000)
 ParOldGen       total 78336K, used 4635K [0x00000006c8000000, 0x00000006ccc80000, 0x000000076d580000)
  object space 78336K, 5% used [0x00000006c8000000,0x00000006c8486f48,0x00000006ccc80000)
 Metaspace       used 29451K, capacity 30426K, committed 30716K, reserved 1075200K
  class space    used 3823K, capacity 4032K, committed 4092K, reserved 1048576K
GC Heap History (10 events):
Event: 0.832 GC heap before
{Heap before GC invocations=1 (full 0):
 PSYoungGen      total 74240K, used 64000K [0x000000076d580000, 0x0000000772800000, 0x00000007c0000000)
  eden space 64000K, 100% used [0x000000076d580000,0x0000000771400000,0x0000000771400000)
  from space 10240K, 0% used [0x0000000771e00000,0x0000000771e00000,0x0000000772800000)
  to   space 10240K, 0% used [0x0000000771400000,0x0000000771400000,0x0000000771e00000)
 ParOldGen       total 169472K, used 0K [0x00000006c8000000, 0x00000006d2580000, 0x000000076d580000)
  object space 169472K, 0% used [0x00000006c8000000,0x00000006c8000000,0x00000006d2580000)
 Metaspace       used 12412K, capacity 12742K, committed 12928K, reserved 1060864K
  class space    used 1507K, capacity 1611K, committed 1664K, reserved 1048576K
Event: 0.841 GC heap after
Heap after GC invocations=1 (full 0):
 PSYoungGen      total 74240K, used 6956K [0x000000076d580000, 0x0000000772800000, 0x00000007c0000000)
  eden space 64000K, 0% used [0x000000076d580000,0x000000076d580000,0x0000000771400000)
  from space 10240K, 67% used [0x0000000771400000,0x0000000771acb238,0x0000000771e00000)
  to   space 10240K, 0% used [0x0000000771e00000,0x0000000771e00000,0x0000000772800000)
 ParOldGen       total 169472K, used 16K [0x00000006c8000000, 0x00000006d2580000, 0x000000076d580000)
  object space 169472K, 0% used [0x00000006c8000000,0x00000006c8004000,0x00000006d2580000)
 Metaspace       used 12412K, capacity 12742K, committed 12928K, reserved 1060864K
  class space    used 1507K, capacity 1611K, committed 1664K, reserved 1048576K
}
Event: 1.286 GC heap before
{Heap before GC invocations=2 (full 0):
 PSYoungGen      total 74240K, used 70956K [0x000000076d580000, 0x0000000772800000, 0x00000007c0000000)
  eden space 64000K, 100% used [0x000000076d580000,0x0000000771400000,0x0000000771400000)
  from space 10240K, 67% used [0x0000000771400000,0x0000000771acb238,0x0000000771e00000)
  to   space 10240K, 0% used [0x0000000771e00000,0x0000000771e00000,0x0000000772800000)
 ParOldGen       total 169472K, used 16K [0x00000006c8000000, 0x00000006d2580000, 0x000000076d580000)
  object space 169472K, 0% used [0x00000006c8000000,0x00000006c8004000,0x00000006d2580000)
 Metaspace       used 18650K, capacity 19224K, committed 19584K, reserved 1067008K
  class space    used 2442K, capacity 2605K, committed 2688K, reserved 1048576K
Event: 1.294 GC heap after
Heap after GC invocations=2 (full 0):
 PSYoungGen      total 74240K, used 9129K [0x000000076d580000, 0x0000000776680000, 0x00000007c0000000)
  eden space 64000K, 0% used [0x000000076d580000,0x000000076d580000,0x0000000771400000)
  from space 10240K, 89% used [0x0000000771e00000,0x00000007726ea708,0x0000000772800000)
  to   space 10240K, 0% used [0x0000000771400000,0x0000000771400000,0x0000000771e00000)
 ParOldGen       total 169472K, used 24K [0x00000006c8000000, 0x00000006d2580000, 0x000000076d580000)
  object space 169472K, 0% used [0x00000006c8000000,0x00000006c8006000,0x00000006d2580000)
 Metaspace       used 18650K, capacity 19224K, committed 19584K, reserved 1067008K
  class space    used 2442K, capacity 2605K, committed 2688K, reserved 1048576K
}
Event: 1.355 GC heap before
{Heap before GC invocations=3 (full 0):
 PSYoungGen      total 74240K, used 27809K [0x000000076d580000, 0x0000000776680000, 0x00000007c0000000)
  eden space 64000K, 29% used [0x000000076d580000,0x000000076e7bdfa8,0x0000000771400000)
  from space 10240K, 89% used [0x0000000771e00000,0x00000007726ea708,0x0000000772800000)
  to   space 10240K, 0% used [0x0000000771400000,0x0000000771400000,0x0000000771e00000)
 ParOldGen       total 169472K, used 24K [0x00000006c8000000, 0x00000006d2580000, 0x000000076d580000)
  object space 169472K, 0% used [0x00000006c8000000,0x00000006c8006000,0x00000006d2580000)
 Metaspace       used 20603K, capacity 21220K, committed 21552K, reserved 1069056K
  class space    used 2681K, capacity 2839K, committed 2864K, reserved 1048576K
Event: 1.361 GC heap after
Heap after GC invocations=3 (full 0):
 PSYoungGen      total 74240K, used 6210K [0x000000076d580000, 0x0000000776680000, 0x00000007c0000000)
  eden space 64000K, 0% used [0x000000076d580000,0x000000076d580000,0x0000000771400000)
  from space 10240K, 60% used [0x0000000771400000,0x0000000771a10b58,0x0000000771e00000)
  to   space 10240K, 0% used [0x0000000775c80000,0x0000000775c80000,0x0000000776680000)
 ParOldGen       total 169472K, used 32K [0x00000006c8000000, 0x00000006d2580000, 0x000000076d580000)
  object space 169472K, 0% used [0x00000006c8000000,0x00000006c8008000,0x00000006d2580000)
 Metaspace       used 20603K, capacity 21220K, committed 21552K, reserved 1069056K
  class space    used 2681K, capacity 2839K, committed 2864K, reserved 1048576K
}
Event: 1.371 GC heap before
{Heap before GC invocations=4 (full 0):
 PSYoungGen      total 74240K, used 10233K [0x000000076d580000, 0x0000000776680000, 0x00000007c0000000)
  eden space 64000K, 6% used [0x000000076d580000,0x000000076d96d928,0x0000000771400000)
  from space 10240K, 60% used [0x0000000771400000,0x0000000771a10b58,0x0000000771e00000)
  to   space 10240K, 0% used [0x0000000775c80000,0x0000000775c80000,0x0000000776680000)
 ParOldGen       total 169472K, used 32K [0x00000006c8000000, 0x00000006d2580000, 0x000000076d580000)
  object space 169472K, 0% used [0x00000006c8000000,0x00000006c8008000,0x00000006d2580000)
 Metaspace       used 20837K, capacity 21392K, committed 21628K, reserved 1069056K
  class space    used 2715K, capacity 2875K, committed 2940K, reserved 1048576K
Event: 1.377 GC heap after
Heap after GC invocations=4 (full 0):
 PSYoungGen      total 138240K, used 4771K [0x000000076d580000, 0x0000000776680000, 0x00000007c0000000)
  eden space 128000K, 0% used [0x000000076d580000,0x000000076d580000,0x0000000775280000)
  from space 10240K, 46% used [0x0000000775c80000,0x0000000776128d88,0x0000000776680000)
  to   space 10240K, 0% used [0x0000000775280000,0x0000000775280000,0x0000000775c80000)
 ParOldGen       total 169472K, used 40K [0x00000006c8000000, 0x00000006d2580000, 0x000000076d580000)
  object space 169472K, 0% used [0x00000006c8000000,0x00000006c800a000,0x00000006d2580000)
 Metaspace       used 20837K, capacity 21392K, committed 21628K, reserved 1069056K
  class space    used 2715K, capacity 2875K, committed 2940K, reserved 1048576K
}
Event: 1.377 GC heap before
{Heap before GC invocations=5 (full 1):
 PSYoungGen      total 138240K, used 4771K [0x000000076d580000, 0x0000000776680000, 0x00000007c0000000)
  eden space 128000K, 0% used [0x000000076d580000,0x000000076d580000,0x0000000775280000)
  from space 10240K, 46% used [0x0000000775c80000,0x0000000776128d88,0x0000000776680000)
  to   space 10240K, 0% used [0x0000000775280000,0x0000000775280000,0x0000000775c80000)
 ParOldGen       total 169472K, used 40K [0x00000006c8000000, 0x00000006d2580000, 0x000000076d580000)
  object space 169472K, 0% used [0x00000006c8000000,0x00000006c800a000,0x00000006d2580000)
 Metaspace       used 20837K, capacity 21392K, committed 21628K, reserved 1069056K
  class space    used 2715K, capacity 2875K, committed 2940K, reserved 1048576K
Event: 1.404 GC heap after
Heap after GC invocations=5 (full 1):
 PSYoungGen      total 138240K, used 0K [0x000000076d580000, 0x0000000776680000, 0x00000007c0000000)
  eden space 128000K, 0% used [0x000000076d580000,0x000000076d580000,0x0000000775280000)
  from space 10240K, 0% used [0x0000000775c80000,0x0000000775c80000,0x0000000776680000)
  to   space 10240K, 0% used [0x0000000775280000,0x0000000775280000,0x0000000775c80000)
 ParOldGen       total 78336K, used 4635K [0x00000006c8000000, 0x00000006ccc80000, 0x000000076d580000)
  object space 78336K, 5% used [0x00000006c8000000,0x00000006c8486f48,0x00000006ccc80000)
 Metaspace       used 20837K, capacity 21392K, committed 21628K, reserved 1069056K
  class space    used 2715K, capacity 2875K, committed 2940K, reserved 1048576K
}

