# JRE version: Java(TM) SE Runtime Environment (8.0_151-b12) (build 1.8.0_151-b12)
# Java VM: Java HotSpot(TM) 64-Bit Server VM (25.151-b12 mixed mode linux-amd64 compressed oops)
Heap:
 PSYoungGen      total 520704K, used 192K [0x000000076d580000, 0x000000078da80000, 0x00000007c0000000)
  eden space 512000K, 0% used [0x000000076d580000,0x000000076d580000,0x000000078c980000)
  from space 8704K, 2% used [0x000000078c980000,0x000000078c9b0000,0x000000078d200000)
  to   space 8704K, 0% used [0x000000078d200000,0x000000078d200000,0x000000078da80000)
 ParOldGen       total 169472K, used 5882K [0x00000006c8000000, 0x00000006d2580000, 0x000000076d580000)
  object space 169472K, 3% used [0x00000006c8000000,0x00000006c85beb90,0x00000006d2580000)
 Metaspace       used 12884K, capacity 13066K, committed 13440K, reserved 1060864K
  class space    used 1469K, capacity 1554K, committed 1664K, reserved 1048576K
GC Heap History (10 events):
Event: 1.400 GC heap after
Heap after GC invocations=2 (full 0):
 PSYoungGen      total 138240K, used 6932K [0x000000076d580000, 0x0000000776680000, 0x00000007c0000000)
  eden space 128000K, 0% used [0x000000076d580000,0x000000076d580000,0x0000000775280000)
  from space 10240K, 67% used [0x0000000775c80000,0x0000000776345168,0x0000000776680000)
  to   space 10240K, 0% used [0x0000000775280000,0x0000000775280000,0x0000000775c80000)
 ParOldGen       total 169472K, used 24K [0x00000006c8000000, 0x00000006d2580000, 0x000000076d580000)
  object space 169472K, 0% used [0x00000006c8000000,0x00000006c8006000,0x00000006d2580000)
 Metaspace       used 12876K, capacity 13066K, committed 13440K, reserved 1060864K
  class space    used 1467K, capacity 1554K, committed 1664K, reserved 1048576K
}
Event: 1.668 GC heap before
{Heap before GC invocations=3 (full 0):
 PSYoungGen      total 138240K, used 134932K [0x000000076d580000, 0x0000000776680000, 0x00000007c0000000)
  eden space 128000K, 100% used [0x000000076d580000,0x0000000775280000,0x0000000775280000)
  from space 10240K, 67% used [0x0000000775c80000,0x0000000776345168,0x0000000776680000)
  to   space 10240K, 0% used [0x0000000775280000,0x0000000775280000,0x0000000775c80000)
 ParOldGen       total 169472K, used 24K [0x00000006c8000000, 0x00000006d2580000, 0x000000076d580000)
  object space 169472K, 0% used [0x00000006c8000000,0x00000006c8006000,0x00000006d2580000)
 Metaspace       used 12879K, capacity 13066K, committed 13440K, reserved 1060864K
  class space    used 1467K, capacity 1554K, committed 1664K, reserved 1048576K
Event: 1.676 GC heap after
Heap after GC invocations=3 (full 0):
 PSYoungGen      total 138240K, used 5866K [0x000000076d580000, 0x000000077e380000, 0x00000007c0000000)
  eden space 128000K, 0% used [0x000000076d580000,0x000000076d580000,0x0000000775280000)
  from space 10240K, 57% used [0x0000000775280000,0x000000077583a980,0x0000000775c80000)
  to   space 10240K, 0% used [0x000000077d980000,0x000000077d980000,0x000000077e380000)
 ParOldGen       total 169472K, used 32K [0x00000006c8000000, 0x00000006d2580000, 0x000000076d580000)
  object space 169472K, 0% used [0x00000006c8000000,0x00000006c8008000,0x00000006d2580000)
 Metaspace       used 12879K, capacity 13066K, committed 13440K, reserved 1060864K
  class space    used 1467K, capacity 1554K, committed 1664K, reserved 1048576K
}
Event: 1.886 GC heap before
{Heap before GC invocations=4 (full 0):
 PSYoungGen      total 138240K, used 133866K [0x000000076d580000, 0x000000077e380000, 0x00000007c0000000)
  eden space 128000K, 100% used [0x000000076d580000,0x0000000775280000,0x0000000775280000)
  from space 10240K, 57% used [0x0000000775280000,0x000000077583a980,0x0000000775c80000)
  to   space 10240K, 0% used [0x000000077d980000,0x000000077d980000,0x000000077e380000)
 ParOldGen       total 169472K, used 32K [0x00000006c8000000, 0x00000006d2580000, 0x000000076d580000)
  object space 169472K, 0% used [0x00000006c8000000,0x00000006c8008000,0x00000006d2580000)
 Metaspace       used 12879K, capacity 13066K, committed 13440K, reserved 1060864K
  class space    used 1467K, capacity 1554K, committed 1664K, reserved 1048576K
Event: 1.891 GC heap after
Heap after GC invocations=4 (full 0):
 PSYoungGen      total 266240K, used 5834K [0x000000076d580000, 0x000000077e380000, 0x00000007c0000000)
  eden space 256000K, 0% used [0x000000076d580000,0x000000076d580000,0x000000077cf80000)
  from space 10240K, 56% used [0x000000077d980000,0x000000077df32960,0x000000077e380000)
  to   space 10240K, 0% used [0x000000077cf80000,0x000000077cf80000,0x000000077d980000)
 ParOldGen       total 169472K, used 40K [0x00000006c8000000, 0x00000006d2580000, 0x000000076d580000)
  object space 169472K, 0% used [0x00000006c8000000,0x00000006c800a000,0x00000006d2580000)
 Metaspace       used 12879K, capacity 13066K, committed 13440K, reserved 1060864K
  class space    used 1467K, capacity 1554K, committed 1664K, reserved 1048576K
}
Event: 2.298 GC heap before
{Heap before GC invocations=5 (full 0):
 PSYoungGen      total 266240K, used 261834K [0x000000076d580000, 0x000000077e380000, 0x00000007c0000000)
  eden space 256000K, 100% used [0x000000076d580000,0x000000077cf80000,0x000000077cf80000)
  from space 10240K, 56% used [0x000000077d980000,0x000000077df32960,0x000000077e380000)
  to   space 10240K, 0% used [0x000000077cf80000,0x000000077cf80000,0x000000077d980000)
 ParOldGen       total 169472K, used 40K [0x00000006c8000000, 0x00000006d2580000, 0x000000076d580000)
  object space 169472K, 0% used [0x00000006c8000000,0x00000006c800a000,0x00000006d2580000)
 Metaspace       used 12880K, capacity 13066K, committed 13440K, reserved 1060864K
  class space    used 1468K, capacity 1554K, committed 1664K, reserved 1048576K
Event: 2.304 GC heap after
Heap after GC invocations=5 (full 0):
 PSYoungGen      total 266240K, used 5898K [0x000000076d580000, 0x000000078da80000, 0x00000007c0000000)
  eden space 256000K, 0% used [0x000000076d580000,0x000000076d580000,0x000000077cf80000)
  from space 10240K, 57% used [0x000000077cf80000,0x000000077d542980,0x000000077d980000)
  to   space 8704K, 0% used [0x000000078d200000,0x000000078d200000,0x000000078da80000)
 ParOldGen       total 169472K, used 48K [0x00000006c8000000, 0x00000006d2580000, 0x000000076d580000)
  object space 169472K, 0% used [0x00000006c8000000,0x00000006c800c000,0x00000006d2580000)
 Metaspace       used 12880K, capacity 13066K, committed 13440K, reserved 1060864K
  class space    used 1468K, capacity 1554K, committed 1664K, reserved 1048576K
}
Event: 2.628 GC heap before
{Heap before GC invocations=6 (full 0):
 PSYoungGen      total 266240K, used 261898K [0x000000076d580000, 0x000000078da80000, 0x00000007c0000000)
  eden space 256000K, 100% used [0x000000076d580000,0x000000077cf80000,0x000000077cf80000)
  from space 10240K, 57% used [0x000000077cf80000,0x000000077d542980,0x000000077d980000)
  to   space 8704K, 0% used [0x000000078d200000,0x000000078d200000,0x000000078da80000)
 ParOldGen       total 169472K, used 48K [0x00000006c8000000, 0x00000006d2580000, 0x000000076d580000)
  object space 169472K, 0% used [0x00000006c8000000,0x00000006c800c000,0x00000006d2580000)
 Metaspace       used 12884K, capacity 13066K, committed 13440K, reserved 1060864K
  class space    used 1469K, capacity 1554K, committed 1664K, reserved 1048576K
Event: 2.632 GC heap after
Heap after GC invocations=6 (full 0):
 PSYoungGen      total 520704K, used 5914K [0x000000076d580000, 0x000000078da80000, 0x00000007c0000000)
  eden space 512000K, 0% used [0x000000076d580000,0x000000076d580000,0x000000078c980000)
  from space 8704K, 67% used [0x000000078d200000,0x000000078d7c6970,0x000000078da80000)
  to   space 8704K, 0% used [0x000000078c980000,0x000000078c980000,0x000000078d200000)
 ParOldGen       total 169472K, used 56K [0x00000006c8000000, 0x00000006d2580000, 0x000000076d580000)
  object space 169472K, 0% used [0x00000006c8000000,0x00000006c800e000,0x00000006d2580000)
 Metaspace       used 12884K, capacity 13066K, committed 13440K, reserved 1060864K
  class space    used 1469K, capacity 1554K, committed 1664K, reserved 1048576K
}
Event: 3.312 GC heap before
{Heap before GC invocations=7 (full 0):
 PSYoungGen      total 520704K, used 517914K [0x000000076d580000, 0x000000078da80000, 0x00000007c0000000)
  eden space 512000K, 100% used [0x000000076d580000,0x000000078c980000,0x000000078c980000)
  from space 8704K, 67% used [0x000000078d200000,0x000000078d7c6970,0x000000078da80000)
  to   space 8704K, 0% used [0x000000078c980000,0x000000078c980000,0x000000078d200000)
 ParOldGen       total 169472K, used 56K [0x00000006c8000000, 0x00000006d2580000, 0x000000076d580000)
  object space 169472K, 0% used [0x00000006c8000000,0x00000006c800e000,0x00000006d2580000)
 Metaspace       used 12884K, capacity 13066K, committed 13440K, reserved 1060864K
  class space    used 1469K, capacity 1554K, committed 1664K, reserved 1048576K

